Blake ------->	 (IAML,65) (DISS,68) (IRP,47) (IRR,80) (COC,48) (ABS,59) (ADBS,64) (PPLS,96) (NIP,90) (ES,55)
Albright ------->	 (IJP,100) (ASR,42) (SLIP,93) (DMR,51) (COC,81) (AGTA,47) (ABS,75) (CCN,84) (ADBS,79) (PPLS,45) (ANLP,84) (COPT,56) (CT,93)
Kian ------->	 (DISS,54) (TTS,55) (BIO2,93) (ADBS,42) (ABS,71) (SLIP,69) (CCN,83) (PM,86)
Alling ------->	 (IJP,44) (TTS,99) (IRR,83) (AGTA,67) (ABS,41) (BIO2,92) (COC,77) (PPLS,63) (INF1-CG,72) (BIO1,97) (NIP,48) (CCN,77)
Angel ------->	 (AR,61) (EXC,53) (RTN,59) (AGTA,80) (PPLS,95) (SLIP,98) (HCI,99) (ES,83) (ADS,76)
Taylor ------->	 (IJP,47) (ASR,47) (IAML,74) (IRP,52) (ABS,77) (TTS,82) (COC,77) (PPLS,73) (COPT,94)
Bernard ------->	 (DISS,42) (EXC,77) (TTS,91) (RTN,82) (AGTA,72) (IRP,40) (DMR,84) (AR,77) (PM,74)
Daniella ------->	 (TTS,89) (INF2D,73) (CCN,51) (COC,67) (PPLS,92) (BIO1,88)
Alberts ------->	 (ASR,70) (IRP,66) (INF2D,48) (AGTA,68) (TTS,90) (ABS,83) (INF1-CG,80) (AV,59) (ES,42)
Adey ------->	 (AR,43) (INF2D,96) (RTN,42) (TDD,94) (CCN,86) (COPT,46) (IRR,63) (INF1-CG,94) (PM,87)
Taylor ------->	 (IAML,81) (DISS,63) (EXC,69) (TTS,75) (AGTA,95) (COC,91) (AR,44) (ANLP,65) (SLIP,83) (ES,68)
Alders ------->	 (DAPA,78) (DISS,52) (ADS,93) (TTS,92) (INF2D,81) (RTN,87) (AGTA,86) (TDD,86) (SLIP,82) (HCI,79) (CT,73)
Alban ------->	 (BIO1,42) (DISS,78) (EXC,55)
Allerton ------->	 (IAML,42) (DISS,55) (ADS,86) (IRP,73) (AGTA,56) (TTS,75) (AR,98) (AV,82) (PM,47)
Aliff ------->	 (DAPA,80) (IJP,99) (PPLS,96) (DISS,85) (TTS,62) (AGTA,77) (ADBS,97) (BIO1,42) (INF1-CG,97) (AV,48) (ES,95)
Allton ------->	 (DAPA,49) (ASR,71) (IRP,49) (INF2D,62) (RTN,96) (AGTA,60) (TTS,44) (ADBS,42) (PPLS,47) (ANLP,53) (AV,87) (COC,66)
Henry ------->	 (DAPA,89) (EXC,49) (TTS,56) (ABS,41) (TDD,74) (BIO1,63) (COPT,91) (AV,98) (NIP,84) (HCI,41) (INF1-CG,69)
Jake ------->	 (INF2D,51) (CCN,40) (AR,92) (INF1-CG,87)
Deborah ------->	 (DAPA,87) (ASR,79) (ADS,73) (IAML,97) (TTS,73) (AGTA,87) (COC,67) (CCN,75) (ANLP,43) (SLIP,75) (PM,42)
Rhys ------->	 (PPLS,59) (ADS,46) (IRP,75) (RTN,45) (AGTA,61) (TTS,92) (DMR,78) (ABS,72) (AV,48) (BIO1,49) (HCI,76) (CT,44)
